{"/Users/mcastro/Documents/claudecode/rest-api/frontend/todo-app.js": {"path":"/Users/mcastro/Documents/claudecode/rest-api/frontend/todo-app.js","statementMap":{"0":{"start":{"line":2,"column":16},"end":{"line":2,"column":57}},"1":{"start":{"line":5,"column":12},"end":{"line":5,"column":14}},"2":{"start":{"line":8,"column":18},"end":{"line":17,"column":1}},"3":{"start":{"line":9,"column":20},"end":{"line":9,"column":59}},"4":{"start":{"line":10,"column":4},"end":{"line":16,"column":5}},"5":{"start":{"line":11,"column":8},"end":{"line":11,"column":38}},"6":{"start":{"line":12,"column":8},"end":{"line":12,"column":40}},"7":{"start":{"line":13,"column":8},"end":{"line":15,"column":17}},"8":{"start":{"line":14,"column":12},"end":{"line":14,"column":43}},"9":{"start":{"line":19,"column":19},"end":{"line":23,"column":1}},"10":{"start":{"line":20,"column":16},"end":{"line":20,"column":45}},"11":{"start":{"line":21,"column":4},"end":{"line":21,"column":27}},"12":{"start":{"line":22,"column":4},"end":{"line":22,"column":25}},"13":{"start":{"line":26,"column":12},"end":{"line":92,"column":1}},"14":{"start":{"line":28,"column":8},"end":{"line":35,"column":9}},"15":{"start":{"line":29,"column":29},"end":{"line":29,"column":60}},"16":{"start":{"line":30,"column":12},"end":{"line":30,"column":71}},"17":{"start":{"line":30,"column":30},"end":{"line":30,"column":71}},"18":{"start":{"line":31,"column":12},"end":{"line":31,"column":41}},"19":{"start":{"line":33,"column":12},"end":{"line":33,"column":83}},"20":{"start":{"line":34,"column":12},"end":{"line":34,"column":24}},"21":{"start":{"line":39,"column":8},"end":{"line":55,"column":9}},"22":{"start":{"line":40,"column":29},"end":{"line":46,"column":14}},"23":{"start":{"line":47,"column":12},"end":{"line":50,"column":13}},"24":{"start":{"line":48,"column":30},"end":{"line":48,"column":51}},"25":{"start":{"line":49,"column":16},"end":{"line":49,"column":73}},"26":{"start":{"line":51,"column":12},"end":{"line":51,"column":41}},"27":{"start":{"line":53,"column":12},"end":{"line":53,"column":64}},"28":{"start":{"line":54,"column":12},"end":{"line":54,"column":24}},"29":{"start":{"line":59,"column":8},"end":{"line":75,"column":9}},"30":{"start":{"line":60,"column":29},"end":{"line":66,"column":14}},"31":{"start":{"line":67,"column":12},"end":{"line":70,"column":13}},"32":{"start":{"line":68,"column":30},"end":{"line":68,"column":51}},"33":{"start":{"line":69,"column":16},"end":{"line":69,"column":73}},"34":{"start":{"line":71,"column":12},"end":{"line":71,"column":41}},"35":{"start":{"line":73,"column":12},"end":{"line":73,"column":64}},"36":{"start":{"line":74,"column":12},"end":{"line":74,"column":24}},"37":{"start":{"line":79,"column":8},"end":{"line":90,"column":9}},"38":{"start":{"line":80,"column":29},"end":{"line":82,"column":14}},"39":{"start":{"line":83,"column":12},"end":{"line":86,"column":13}},"40":{"start":{"line":84,"column":30},"end":{"line":84,"column":51}},"41":{"start":{"line":85,"column":16},"end":{"line":85,"column":73}},"42":{"start":{"line":88,"column":12},"end":{"line":88,"column":64}},"43":{"start":{"line":89,"column":12},"end":{"line":89,"column":24}},"44":{"start":{"line":95,"column":20},"end":{"line":145,"column":1}},"45":{"start":{"line":96,"column":23},"end":{"line":96,"column":58}},"46":{"start":{"line":97,"column":4},"end":{"line":97,"column":28}},"47":{"start":{"line":97,"column":21},"end":{"line":97,"column":28}},"48":{"start":{"line":99,"column":4},"end":{"line":106,"column":5}},"49":{"start":{"line":100,"column":8},"end":{"line":104,"column":10}},"50":{"start":{"line":105,"column":8},"end":{"line":105,"column":15}},"51":{"start":{"line":109,"column":24},"end":{"line":113,"column":6}},"52":{"start":{"line":110,"column":8},"end":{"line":110,"column":49}},"53":{"start":{"line":110,"column":39},"end":{"line":110,"column":49}},"54":{"start":{"line":111,"column":8},"end":{"line":111,"column":48}},"55":{"start":{"line":111,"column":39},"end":{"line":111,"column":48}},"56":{"start":{"line":112,"column":8},"end":{"line":112,"column":63}},"57":{"start":{"line":115,"column":4},"end":{"line":144,"column":16}},"58":{"start":{"line":115,"column":51},"end":{"line":144,"column":5}},"59":{"start":{"line":148,"column":18},"end":{"line":155,"column":1}},"60":{"start":{"line":149,"column":4},"end":{"line":154,"column":5}},"61":{"start":{"line":150,"column":8},"end":{"line":150,"column":37}},"62":{"start":{"line":151,"column":8},"end":{"line":151,"column":22}},"63":{"start":{"line":153,"column":8},"end":{"line":153,"column":54}},"64":{"start":{"line":157,"column":16},"end":{"line":191,"column":1}},"65":{"start":{"line":158,"column":4},"end":{"line":158,"column":38}},"66":{"start":{"line":158,"column":15},"end":{"line":158,"column":38}},"67":{"start":{"line":160,"column":23},"end":{"line":160,"column":59}},"68":{"start":{"line":161,"column":29},"end":{"line":161,"column":71}},"69":{"start":{"line":163,"column":4},"end":{"line":163,"column":28}},"70":{"start":{"line":163,"column":21},"end":{"line":163,"column":28}},"71":{"start":{"line":165,"column":18},"end":{"line":165,"column":41}},"72":{"start":{"line":166,"column":24},"end":{"line":166,"column":77}},"73":{"start":{"line":168,"column":4},"end":{"line":171,"column":5}},"74":{"start":{"line":169,"column":8},"end":{"line":169,"column":42}},"75":{"start":{"line":170,"column":8},"end":{"line":170,"column":15}},"76":{"start":{"line":173,"column":4},"end":{"line":190,"column":5}},"77":{"start":{"line":174,"column":24},"end":{"line":179,"column":10}},"78":{"start":{"line":181,"column":8},"end":{"line":181,"column":28}},"79":{"start":{"line":182,"column":8},"end":{"line":182,"column":22}},"80":{"start":{"line":185,"column":8},"end":{"line":185,"column":30}},"81":{"start":{"line":186,"column":8},"end":{"line":186,"column":58}},"82":{"start":{"line":186,"column":30},"end":{"line":186,"column":58}},"83":{"start":{"line":187,"column":8},"end":{"line":187,"column":27}},"84":{"start":{"line":189,"column":8},"end":{"line":189,"column":52}},"85":{"start":{"line":193,"column":23},"end":{"line":209,"column":1}},"86":{"start":{"line":194,"column":17},"end":{"line":194,"column":45}},"87":{"start":{"line":194,"column":33},"end":{"line":194,"column":44}},"88":{"start":{"line":195,"column":4},"end":{"line":195,"column":22}},"89":{"start":{"line":195,"column":15},"end":{"line":195,"column":22}},"90":{"start":{"line":197,"column":4},"end":{"line":208,"column":5}},"91":{"start":{"line":198,"column":24},"end":{"line":200,"column":10}},"92":{"start":{"line":202,"column":22},"end":{"line":202,"column":55}},"93":{"start":{"line":202,"column":43},"end":{"line":202,"column":54}},"94":{"start":{"line":203,"column":8},"end":{"line":203,"column":31}},"95":{"start":{"line":204,"column":8},"end":{"line":204,"column":22}},"96":{"start":{"line":206,"column":8},"end":{"line":206,"column":59}},"97":{"start":{"line":207,"column":8},"end":{"line":207,"column":22}},"98":{"start":{"line":211,"column":23},"end":{"line":226,"column":1}},"99":{"start":{"line":212,"column":17},"end":{"line":212,"column":45}},"100":{"start":{"line":212,"column":33},"end":{"line":212,"column":44}},"101":{"start":{"line":213,"column":4},"end":{"line":213,"column":22}},"102":{"start":{"line":213,"column":15},"end":{"line":213,"column":22}},"103":{"start":{"line":215,"column":4},"end":{"line":225,"column":5}},"104":{"start":{"line":216,"column":24},"end":{"line":218,"column":10}},"105":{"start":{"line":220,"column":22},"end":{"line":220,"column":55}},"106":{"start":{"line":220,"column":43},"end":{"line":220,"column":54}},"107":{"start":{"line":221,"column":8},"end":{"line":221,"column":31}},"108":{"start":{"line":222,"column":8},"end":{"line":222,"column":22}},"109":{"start":{"line":224,"column":8},"end":{"line":224,"column":59}},"110":{"start":{"line":228,"column":19},"end":{"line":240,"column":1}},"111":{"start":{"line":229,"column":4},"end":{"line":231,"column":5}},"112":{"start":{"line":230,"column":8},"end":{"line":230,"column":15}},"113":{"start":{"line":233,"column":4},"end":{"line":239,"column":5}},"114":{"start":{"line":234,"column":8},"end":{"line":234,"column":33}},"115":{"start":{"line":235,"column":8},"end":{"line":235,"column":47}},"116":{"start":{"line":235,"column":34},"end":{"line":235,"column":45}},"117":{"start":{"line":236,"column":8},"end":{"line":236,"column":22}},"118":{"start":{"line":238,"column":8},"end":{"line":238,"column":55}},"119":{"start":{"line":243,"column":0},"end":{"line":259,"column":1}},"120":{"start":{"line":244,"column":4},"end":{"line":244,"column":43}},"121":{"start":{"line":245,"column":4},"end":{"line":245,"column":43}},"122":{"start":{"line":246,"column":4},"end":{"line":246,"column":35}},"123":{"start":{"line":247,"column":4},"end":{"line":258,"column":6}},"124":{"start":{"line":262,"column":0},"end":{"line":270,"column":1}},"125":{"start":{"line":263,"column":4},"end":{"line":269,"column":7}},"126":{"start":{"line":264,"column":21},"end":{"line":264,"column":59}},"127":{"start":{"line":265,"column":8},"end":{"line":267,"column":9}},"128":{"start":{"line":266,"column":12},"end":{"line":266,"column":53}},"129":{"start":{"line":268,"column":8},"end":{"line":268,"column":20}},"130":{"start":{"line":273,"column":0},"end":{"line":285,"column":1}},"131":{"start":{"line":274,"column":4},"end":{"line":284,"column":6}}},"fnMap":{"0":{"name":"(anonymous_0)","decl":{"start":{"line":8,"column":18},"end":{"line":8,"column":19}},"loc":{"start":{"line":8,"column":31},"end":{"line":17,"column":1}},"line":8},"1":{"name":"(anonymous_1)","decl":{"start":{"line":13,"column":19},"end":{"line":13,"column":20}},"loc":{"start":{"line":13,"column":25},"end":{"line":15,"column":9}},"line":13},"2":{"name":"(anonymous_2)","decl":{"start":{"line":19,"column":19},"end":{"line":19,"column":20}},"loc":{"start":{"line":19,"column":29},"end":{"line":23,"column":1}},"line":19},"3":{"name":"(anonymous_3)","decl":{"start":{"line":27,"column":4},"end":{"line":27,"column":5}},"loc":{"start":{"line":27,"column":21},"end":{"line":36,"column":5}},"line":27},"4":{"name":"(anonymous_4)","decl":{"start":{"line":38,"column":4},"end":{"line":38,"column":5}},"loc":{"start":{"line":38,"column":27},"end":{"line":56,"column":5}},"line":38},"5":{"name":"(anonymous_5)","decl":{"start":{"line":58,"column":4},"end":{"line":58,"column":5}},"loc":{"start":{"line":58,"column":34},"end":{"line":76,"column":5}},"line":58},"6":{"name":"(anonymous_6)","decl":{"start":{"line":78,"column":4},"end":{"line":78,"column":5}},"loc":{"start":{"line":78,"column":25},"end":{"line":91,"column":5}},"line":78},"7":{"name":"(anonymous_7)","decl":{"start":{"line":95,"column":20},"end":{"line":95,"column":21}},"loc":{"start":{"line":95,"column":26},"end":{"line":145,"column":1}},"line":95},"8":{"name":"(anonymous_8)","decl":{"start":{"line":109,"column":40},"end":{"line":109,"column":41}},"loc":{"start":{"line":109,"column":50},"end":{"line":113,"column":5}},"line":109},"9":{"name":"(anonymous_9)","decl":{"start":{"line":115,"column":43},"end":{"line":115,"column":44}},"loc":{"start":{"line":115,"column":51},"end":{"line":144,"column":5}},"line":115},"10":{"name":"(anonymous_10)","decl":{"start":{"line":148,"column":18},"end":{"line":148,"column":19}},"loc":{"start":{"line":148,"column":30},"end":{"line":155,"column":1}},"line":148},"11":{"name":"(anonymous_11)","decl":{"start":{"line":157,"column":16},"end":{"line":157,"column":17}},"loc":{"start":{"line":157,"column":33},"end":{"line":191,"column":1}},"line":157},"12":{"name":"(anonymous_12)","decl":{"start":{"line":193,"column":23},"end":{"line":193,"column":24}},"loc":{"start":{"line":193,"column":37},"end":{"line":209,"column":1}},"line":193},"13":{"name":"(anonymous_13)","decl":{"start":{"line":194,"column":28},"end":{"line":194,"column":29}},"loc":{"start":{"line":194,"column":33},"end":{"line":194,"column":44}},"line":194},"14":{"name":"(anonymous_14)","decl":{"start":{"line":202,"column":38},"end":{"line":202,"column":39}},"loc":{"start":{"line":202,"column":43},"end":{"line":202,"column":54}},"line":202},"15":{"name":"(anonymous_15)","decl":{"start":{"line":211,"column":23},"end":{"line":211,"column":24}},"loc":{"start":{"line":211,"column":37},"end":{"line":226,"column":1}},"line":211},"16":{"name":"(anonymous_16)","decl":{"start":{"line":212,"column":28},"end":{"line":212,"column":29}},"loc":{"start":{"line":212,"column":33},"end":{"line":212,"column":44}},"line":212},"17":{"name":"(anonymous_17)","decl":{"start":{"line":220,"column":38},"end":{"line":220,"column":39}},"loc":{"start":{"line":220,"column":43},"end":{"line":220,"column":54}},"line":220},"18":{"name":"(anonymous_18)","decl":{"start":{"line":228,"column":19},"end":{"line":228,"column":20}},"loc":{"start":{"line":228,"column":33},"end":{"line":240,"column":1}},"line":228},"19":{"name":"(anonymous_19)","decl":{"start":{"line":235,"column":29},"end":{"line":235,"column":30}},"loc":{"start":{"line":235,"column":34},"end":{"line":235,"column":45}},"line":235},"20":{"name":"(anonymous_20)","decl":{"start":{"line":263,"column":50},"end":{"line":263,"column":51}},"loc":{"start":{"line":263,"column":56},"end":{"line":269,"column":5}},"line":263}},"branchMap":{"0":{"loc":{"start":{"line":2,"column":16},"end":{"line":2,"column":57}},"type":"binary-expr","locations":[{"start":{"line":2,"column":16},"end":{"line":2,"column":30}},{"start":{"line":2,"column":34},"end":{"line":2,"column":57}}],"line":2},"1":{"loc":{"start":{"line":10,"column":4},"end":{"line":16,"column":5}},"type":"if","locations":[{"start":{"line":10,"column":4},"end":{"line":16,"column":5}},{"start":{},"end":{}}],"line":10},"2":{"loc":{"start":{"line":30,"column":12},"end":{"line":30,"column":71}},"type":"if","locations":[{"start":{"line":30,"column":12},"end":{"line":30,"column":71}},{"start":{},"end":{}}],"line":30},"3":{"loc":{"start":{"line":47,"column":12},"end":{"line":50,"column":13}},"type":"if","locations":[{"start":{"line":47,"column":12},"end":{"line":50,"column":13}},{"start":{},"end":{}}],"line":47},"4":{"loc":{"start":{"line":49,"column":32},"end":{"line":49,"column":71}},"type":"binary-expr","locations":[{"start":{"line":49,"column":32},"end":{"line":49,"column":44}},{"start":{"line":49,"column":48},"end":{"line":49,"column":71}}],"line":49},"5":{"loc":{"start":{"line":53,"column":22},"end":{"line":53,"column":62}},"type":"binary-expr","locations":[{"start":{"line":53,"column":22},"end":{"line":53,"column":35}},{"start":{"line":53,"column":39},"end":{"line":53,"column":62}}],"line":53},"6":{"loc":{"start":{"line":67,"column":12},"end":{"line":70,"column":13}},"type":"if","locations":[{"start":{"line":67,"column":12},"end":{"line":70,"column":13}},{"start":{},"end":{}}],"line":67},"7":{"loc":{"start":{"line":69,"column":32},"end":{"line":69,"column":71}},"type":"binary-expr","locations":[{"start":{"line":69,"column":32},"end":{"line":69,"column":44}},{"start":{"line":69,"column":48},"end":{"line":69,"column":71}}],"line":69},"8":{"loc":{"start":{"line":73,"column":22},"end":{"line":73,"column":62}},"type":"binary-expr","locations":[{"start":{"line":73,"column":22},"end":{"line":73,"column":35}},{"start":{"line":73,"column":39},"end":{"line":73,"column":62}}],"line":73},"9":{"loc":{"start":{"line":83,"column":12},"end":{"line":86,"column":13}},"type":"if","locations":[{"start":{"line":83,"column":12},"end":{"line":86,"column":13}},{"start":{},"end":{}}],"line":83},"10":{"loc":{"start":{"line":85,"column":32},"end":{"line":85,"column":71}},"type":"binary-expr","locations":[{"start":{"line":85,"column":32},"end":{"line":85,"column":44}},{"start":{"line":85,"column":48},"end":{"line":85,"column":71}}],"line":85},"11":{"loc":{"start":{"line":88,"column":22},"end":{"line":88,"column":62}},"type":"binary-expr","locations":[{"start":{"line":88,"column":22},"end":{"line":88,"column":35}},{"start":{"line":88,"column":39},"end":{"line":88,"column":62}}],"line":88},"12":{"loc":{"start":{"line":97,"column":4},"end":{"line":97,"column":28}},"type":"if","locations":[{"start":{"line":97,"column":4},"end":{"line":97,"column":28}},{"start":{},"end":{}}],"line":97},"13":{"loc":{"start":{"line":99,"column":4},"end":{"line":106,"column":5}},"type":"if","locations":[{"start":{"line":99,"column":4},"end":{"line":106,"column":5}},{"start":{},"end":{}}],"line":99},"14":{"loc":{"start":{"line":110,"column":8},"end":{"line":110,"column":49}},"type":"if","locations":[{"start":{"line":110,"column":8},"end":{"line":110,"column":49}},{"start":{},"end":{}}],"line":110},"15":{"loc":{"start":{"line":110,"column":12},"end":{"line":110,"column":37}},"type":"binary-expr","locations":[{"start":{"line":110,"column":12},"end":{"line":110,"column":22}},{"start":{"line":110,"column":26},"end":{"line":110,"column":37}}],"line":110},"16":{"loc":{"start":{"line":111,"column":8},"end":{"line":111,"column":48}},"type":"if","locations":[{"start":{"line":111,"column":8},"end":{"line":111,"column":48}},{"start":{},"end":{}}],"line":111},"17":{"loc":{"start":{"line":111,"column":12},"end":{"line":111,"column":37}},"type":"binary-expr","locations":[{"start":{"line":111,"column":12},"end":{"line":111,"column":23}},{"start":{"line":111,"column":27},"end":{"line":111,"column":37}}],"line":111},"18":{"loc":{"start":{"line":116,"column":32},"end":{"line":116,"column":65}},"type":"cond-expr","locations":[{"start":{"line":116,"column":49},"end":{"line":116,"column":60}},{"start":{"line":116,"column":63},"end":{"line":116,"column":65}}],"line":116},"19":{"loc":{"start":{"line":120,"column":18},"end":{"line":120,"column":49}},"type":"cond-expr","locations":[{"start":{"line":120,"column":35},"end":{"line":120,"column":44}},{"start":{"line":120,"column":47},"end":{"line":120,"column":49}}],"line":120},"20":{"loc":{"start":{"line":125,"column":18},"end":{"line":125,"column":111}},"type":"cond-expr","locations":[{"start":{"line":125,"column":37},"end":{"line":125,"column":106}},{"start":{"line":125,"column":109},"end":{"line":125,"column":111}}],"line":125},"21":{"loc":{"start":{"line":129,"column":38},"end":{"line":129,"column":67}},"type":"cond-expr","locations":[{"start":{"line":129,"column":54},"end":{"line":129,"column":62}},{"start":{"line":129,"column":65},"end":{"line":129,"column":67}}],"line":129},"22":{"loc":{"start":{"line":131,"column":29},"end":{"line":131,"column":89}},"type":"cond-expr","locations":[{"start":{"line":131,"column":45},"end":{"line":131,"column":68}},{"start":{"line":131,"column":71},"end":{"line":131,"column":89}}],"line":131},"23":{"loc":{"start":{"line":133,"column":22},"end":{"line":133,"column":47}},"type":"cond-expr","locations":[{"start":{"line":133,"column":38},"end":{"line":133,"column":41}},{"start":{"line":133,"column":44},"end":{"line":133,"column":47}}],"line":133},"24":{"loc":{"start":{"line":158,"column":4},"end":{"line":158,"column":38}},"type":"if","locations":[{"start":{"line":158,"column":4},"end":{"line":158,"column":38}},{"start":{},"end":{}}],"line":158},"25":{"loc":{"start":{"line":163,"column":4},"end":{"line":163,"column":28}},"type":"if","locations":[{"start":{"line":163,"column":4},"end":{"line":163,"column":28}},{"start":{},"end":{}}],"line":163},"26":{"loc":{"start":{"line":166,"column":24},"end":{"line":166,"column":77}},"type":"cond-expr","locations":[{"start":{"line":166,"column":43},"end":{"line":166,"column":72}},{"start":{"line":166,"column":75},"end":{"line":166,"column":77}}],"line":166},"27":{"loc":{"start":{"line":168,"column":4},"end":{"line":171,"column":5}},"type":"if","locations":[{"start":{"line":168,"column":4},"end":{"line":171,"column":5}},{"start":{},"end":{}}],"line":168},"28":{"loc":{"start":{"line":176,"column":25},"end":{"line":176,"column":44}},"type":"binary-expr","locations":[{"start":{"line":176,"column":25},"end":{"line":176,"column":36}},{"start":{"line":176,"column":40},"end":{"line":176,"column":44}}],"line":176},"29":{"loc":{"start":{"line":186,"column":8},"end":{"line":186,"column":58}},"type":"if","locations":[{"start":{"line":186,"column":8},"end":{"line":186,"column":58}},{"start":{},"end":{}}],"line":186},"30":{"loc":{"start":{"line":195,"column":4},"end":{"line":195,"column":22}},"type":"if","locations":[{"start":{"line":195,"column":4},"end":{"line":195,"column":22}},{"start":{},"end":{}}],"line":195},"31":{"loc":{"start":{"line":213,"column":4},"end":{"line":213,"column":22}},"type":"if","locations":[{"start":{"line":213,"column":4},"end":{"line":213,"column":22}},{"start":{},"end":{}}],"line":213},"32":{"loc":{"start":{"line":229,"column":4},"end":{"line":231,"column":5}},"type":"if","locations":[{"start":{"line":229,"column":4},"end":{"line":231,"column":5}},{"start":{},"end":{}}],"line":229},"33":{"loc":{"start":{"line":229,"column":8},"end":{"line":229,"column":88}},"type":"binary-expr","locations":[{"start":{"line":229,"column":8},"end":{"line":229,"column":23}},{"start":{"line":229,"column":27},"end":{"line":229,"column":88}}],"line":229},"34":{"loc":{"start":{"line":243,"column":0},"end":{"line":259,"column":1}},"type":"if","locations":[{"start":{"line":243,"column":0},"end":{"line":259,"column":1}},{"start":{},"end":{}}],"line":243},"35":{"loc":{"start":{"line":262,"column":0},"end":{"line":270,"column":1}},"type":"if","locations":[{"start":{"line":262,"column":0},"end":{"line":270,"column":1}},{"start":{},"end":{}}],"line":262},"36":{"loc":{"start":{"line":265,"column":8},"end":{"line":267,"column":9}},"type":"if","locations":[{"start":{"line":265,"column":8},"end":{"line":267,"column":9}},{"start":{},"end":{}}],"line":265},"37":{"loc":{"start":{"line":273,"column":0},"end":{"line":285,"column":1}},"type":"if","locations":[{"start":{"line":273,"column":0},"end":{"line":285,"column":1}},{"start":{},"end":{}}],"line":273},"38":{"loc":{"start":{"line":273,"column":4},"end":{"line":273,"column":51}},"type":"binary-expr","locations":[{"start":{"line":273,"column":4},"end":{"line":273,"column":33}},{"start":{"line":273,"column":37},"end":{"line":273,"column":51}}],"line":273}},"s":{"0":1,"1":1,"2":1,"3":15,"4":15,"5":14,"6":14,"7":14,"8":1,"9":1,"10":24,"11":24,"12":24,"13":1,"14":5,"15":5,"16":3,"17":1,"18":2,"19":3,"20":3,"21":6,"22":6,"23":5,"24":2,"25":2,"26":3,"27":3,"28":3,"29":6,"30":6,"31":4,"32":1,"33":1,"34":3,"35":3,"36":3,"37":4,"38":4,"39":3,"40":1,"41":1,"42":2,"43":2,"44":1,"45":12,"46":12,"47":1,"48":11,"49":5,"50":5,"51":6,"52":9,"53":0,"54":9,"55":1,"56":8,"57":6,"58":15,"59":1,"60":2,"61":2,"62":1,"63":1,"64":1,"65":5,"66":2,"67":5,"68":5,"69":5,"70":1,"71":4,"72":4,"73":4,"74":1,"75":1,"76":3,"77":3,"78":2,"79":2,"80":2,"81":2,"82":2,"83":2,"84":1,"85":1,"86":3,"87":5,"88":3,"89":1,"90":2,"91":2,"92":1,"93":1,"94":1,"95":1,"96":1,"97":1,"98":1,"99":3,"100":5,"101":3,"102":1,"103":2,"104":2,"105":1,"106":1,"107":1,"108":1,"109":1,"110":1,"111":4,"112":2,"113":2,"114":2,"115":1,"116":3,"117":1,"118":1,"119":1,"120":1,"121":1,"122":1,"123":1,"124":1,"125":1,"126":0,"127":0,"128":0,"129":0,"130":1,"131":1},"f":{"0":15,"1":1,"2":24,"3":5,"4":6,"5":6,"6":4,"7":12,"8":9,"9":15,"10":2,"11":5,"12":3,"13":5,"14":1,"15":3,"16":5,"17":1,"18":4,"19":3,"20":0},"b":{"0":[1,1],"1":[14,1],"2":[1,2],"3":[2,3],"4":[2,1],"5":[3,0],"6":[1,3],"7":[1,0],"8":[3,0],"9":[1,2],"10":[1,0],"11":[2,0],"12":[1,11],"13":[5,6],"14":[0,9],"15":[9,0],"16":[1,8],"17":[9,9],"18":[2,13],"19":[2,13],"20":[5,10],"21":[1,14],"22":[1,14],"23":[1,14],"24":[2,3],"25":[1,4],"26":[4,0],"27":[1,3],"28":[3,2],"29":[2,0],"30":[1,2],"31":[1,2],"32":[2,2],"33":[4,3],"34":[1,0],"35":[1,0],"36":[0,0],"37":[1,0],"38":[1,1]},"_coverageSchema":"1a1c01bbd47fc00a2c39e90264f33305004495a9","hash":"e23f7e52b582951ff1e4fa8ddc69f6f7c6b0ad3a"}
}
