TN:
SF:todo-app.js
FN:8,(anonymous_0)
FN:13,(anonymous_1)
FN:19,(anonymous_2)
FN:27,(anonymous_3)
FN:38,(anonymous_4)
FN:58,(anonymous_5)
FN:78,(anonymous_6)
FN:95,(anonymous_7)
FN:109,(anonymous_8)
FN:115,(anonymous_9)
FN:148,(anonymous_10)
FN:157,(anonymous_11)
FN:193,(anonymous_12)
FN:194,(anonymous_13)
FN:202,(anonymous_14)
FN:211,(anonymous_15)
FN:212,(anonymous_16)
FN:220,(anonymous_17)
FN:228,(anonymous_18)
FN:235,(anonymous_19)
FN:263,(anonymous_20)
FNF:21
FNH:20
FNDA:15,(anonymous_0)
FNDA:1,(anonymous_1)
FNDA:24,(anonymous_2)
FNDA:5,(anonymous_3)
FNDA:6,(anonymous_4)
FNDA:6,(anonymous_5)
FNDA:4,(anonymous_6)
FNDA:12,(anonymous_7)
FNDA:9,(anonymous_8)
FNDA:15,(anonymous_9)
FNDA:2,(anonymous_10)
FNDA:5,(anonymous_11)
FNDA:3,(anonymous_12)
FNDA:5,(anonymous_13)
FNDA:1,(anonymous_14)
FNDA:3,(anonymous_15)
FNDA:5,(anonymous_16)
FNDA:1,(anonymous_17)
FNDA:4,(anonymous_18)
FNDA:3,(anonymous_19)
FNDA:0,(anonymous_20)
DA:2,1
DA:5,1
DA:8,1
DA:9,15
DA:10,15
DA:11,14
DA:12,14
DA:13,14
DA:14,1
DA:19,1
DA:20,24
DA:21,24
DA:22,24
DA:26,1
DA:28,5
DA:29,5
DA:30,3
DA:31,2
DA:33,3
DA:34,3
DA:39,6
DA:40,6
DA:47,5
DA:48,2
DA:49,2
DA:51,3
DA:53,3
DA:54,3
DA:59,6
DA:60,6
DA:67,4
DA:68,1
DA:69,1
DA:71,3
DA:73,3
DA:74,3
DA:79,4
DA:80,4
DA:83,3
DA:84,1
DA:85,1
DA:88,2
DA:89,2
DA:95,1
DA:96,12
DA:97,12
DA:99,11
DA:100,5
DA:105,5
DA:109,6
DA:110,9
DA:111,9
DA:112,8
DA:115,15
DA:148,1
DA:149,2
DA:150,2
DA:151,1
DA:153,1
DA:157,1
DA:158,5
DA:160,5
DA:161,5
DA:163,5
DA:165,4
DA:166,4
DA:168,4
DA:169,1
DA:170,1
DA:173,3
DA:174,3
DA:181,2
DA:182,2
DA:185,2
DA:186,2
DA:187,2
DA:189,1
DA:193,1
DA:194,5
DA:195,3
DA:197,2
DA:198,2
DA:202,1
DA:203,1
DA:204,1
DA:206,1
DA:207,1
DA:211,1
DA:212,5
DA:213,3
DA:215,2
DA:216,2
DA:220,1
DA:221,1
DA:222,1
DA:224,1
DA:228,1
DA:229,4
DA:230,2
DA:233,2
DA:234,2
DA:235,3
DA:236,1
DA:238,1
DA:243,1
DA:244,1
DA:245,1
DA:246,1
DA:247,1
DA:262,1
DA:263,1
DA:264,0
DA:265,0
DA:266,0
DA:268,0
DA:273,1
DA:274,1
LF:117
LH:113
BRDA:2,0,0,1
BRDA:2,0,1,1
BRDA:10,1,0,14
BRDA:10,1,1,1
BRDA:30,2,0,1
BRDA:30,2,1,2
BRDA:47,3,0,2
BRDA:47,3,1,3
BRDA:49,4,0,2
BRDA:49,4,1,1
BRDA:53,5,0,3
BRDA:53,5,1,0
BRDA:67,6,0,1
BRDA:67,6,1,3
BRDA:69,7,0,1
BRDA:69,7,1,0
BRDA:73,8,0,3
BRDA:73,8,1,0
BRDA:83,9,0,1
BRDA:83,9,1,2
BRDA:85,10,0,1
BRDA:85,10,1,0
BRDA:88,11,0,2
BRDA:88,11,1,0
BRDA:97,12,0,1
BRDA:97,12,1,11
BRDA:99,13,0,5
BRDA:99,13,1,6
BRDA:110,14,0,0
BRDA:110,14,1,9
BRDA:110,15,0,9
BRDA:110,15,1,0
BRDA:111,16,0,1
BRDA:111,16,1,8
BRDA:111,17,0,9
BRDA:111,17,1,9
BRDA:116,18,0,2
BRDA:116,18,1,13
BRDA:120,19,0,2
BRDA:120,19,1,13
BRDA:125,20,0,5
BRDA:125,20,1,10
BRDA:129,21,0,1
BRDA:129,21,1,14
BRDA:131,22,0,1
BRDA:131,22,1,14
BRDA:133,23,0,1
BRDA:133,23,1,14
BRDA:158,24,0,2
BRDA:158,24,1,3
BRDA:163,25,0,1
BRDA:163,25,1,4
BRDA:166,26,0,4
BRDA:166,26,1,0
BRDA:168,27,0,1
BRDA:168,27,1,3
BRDA:176,28,0,3
BRDA:176,28,1,2
BRDA:186,29,0,2
BRDA:186,29,1,0
BRDA:195,30,0,1
BRDA:195,30,1,2
BRDA:213,31,0,1
BRDA:213,31,1,2
BRDA:229,32,0,2
BRDA:229,32,1,2
BRDA:229,33,0,4
BRDA:229,33,1,3
BRDA:243,34,0,1
BRDA:243,34,1,0
BRDA:262,35,0,1
BRDA:262,35,1,0
BRDA:265,36,0,0
BRDA:265,36,1,0
BRDA:273,37,0,1
BRDA:273,37,1,0
BRDA:273,38,0,1
BRDA:273,38,1,1
BRF:78
BRH:64
end_of_record
